<?xml version="1.0" encoding="UTF-8"?>
<!-- Generated by org.testng.reporters.JUnitXMLReporter -->
<testsuite ignored="1" hostname="LAPTOP-22L2QQIM" failures="0" tests="2" name="Default test" time="7.385" errors="0" timestamp="2025-10-04T02:12:02 IST">
  <testcase classname="appTest.tc_001" name="loginErrorValidation" time="0.471"/>
  <testcase classname="appTest.tc_001" name="loginErrorValidation" time="0.583"/>
  <testcase classname="appTest.tc_001" name="loginValidation" time="0.0">
    <ignored/>
  </testcase> <!-- loginValidation -->
</testsuite> <!-- Default test -->
