<?xml version="1.0" encoding="UTF-8"?>
<!-- Generated by org.testng.reporters.JUnitXMLReporter -->
<testsuite ignored="0" hostname="LAPTOP-22L2QQIM" failures="0" tests="3" name="tc_001" time="29.808" errors="0" timestamp="2025-10-06T08:12:03 IST">
  <testcase classname="appTest.tc_001" name="loginErrorValidation" time="0.909"/>
  <testcase classname="appTest.tc_001" name="loginErrorValidation" time="0.894"/>
  <testcase classname="appTest.tc_001" name="loginValidation" time="0.415"/>
</testsuite> <!-- tc_001 -->
