<?xml version="1.0" encoding="UTF-8"?>
<testng-results ignored="0" total="5" passed="5" failed="0" skipped="0">
  <reporter-output>
  </reporter-output>
  <suite started-at="2025-10-06T08:11:32 IST" name="Suite" finished-at="2025-10-06T08:12:40 IST" duration-ms="67523">
    <groups>
      <group name="ErrorHandling">
        <method signature="tc_001.loginErrorValidation(java.lang.String,java.lang.String)[pri:0, instance:appTest.tc_001@61710c6]" name="loginErrorValidation" class="appTest.tc_001"/>
      </group> <!-- ErrorHandling -->
    </groups>
    <test started-at="2025-10-06T08:11:32 IST" name="tc_001" finished-at="2025-10-06T08:12:02 IST" duration-ms="29808">
      <class name="appTest.tc_001">
        <test-method is-config="true" signature="launchApplication()[pri:0, instance:appTest.tc_001@61710c6]" started-at="2025-10-06T08:11:32 IST" name="launchApplication" finished-at="2025-10-06T08:11:43 IST" duration-ms="10492" status="PASS">
          <reporter-output>
          </reporter-output>
        </test-method> <!-- launchApplication -->
        <test-method signature="loginErrorValidation(java.lang.String,java.lang.String)[pri:0, instance:appTest.tc_001@61710c6]" started-at="2025-10-06T08:11:43 IST" name="loginErrorValidation" data-provider="getData" finished-at="2025-10-06T08:11:44 IST" duration-ms="909" status="PASS">
          <params>
            <param index="0">
              <value>
                <![CDATA[codexgigas0@gmail.com]]>
              </value>
            </param>
            <param index="1">
              <value>
                <![CDATA[Rasx4@fetlife]]>
              </value>
            </param>
          </params>
          <reporter-output>
          </reporter-output>
        </test-method> <!-- loginErrorValidation -->
        <test-method is-config="true" signature="tearDown()[pri:0, instance:appTest.tc_001@61710c6]" started-at="2025-10-06T08:11:44 IST" name="tearDown" finished-at="2025-10-06T08:11:44 IST" duration-ms="383" status="PASS">
          <reporter-output>
          </reporter-output>
        </test-method> <!-- tearDown -->
        <test-method is-config="true" signature="launchApplication()[pri:0, instance:appTest.tc_001@61710c6]" started-at="2025-10-06T08:11:44 IST" name="launchApplication" finished-at="2025-10-06T08:11:52 IST" duration-ms="7909" status="PASS">
          <reporter-output>
          </reporter-output>
        </test-method> <!-- launchApplication -->
        <test-method signature="loginErrorValidation(java.lang.String,java.lang.String)[pri:0, instance:appTest.tc_001@61710c6]" started-at="2025-10-06T08:11:52 IST" name="loginErrorValidation" data-provider="getData" finished-at="2025-10-06T08:11:53 IST" duration-ms="894" status="PASS">
          <params>
            <param index="0">
              <value>
                <![CDATA[codexgigas90@gmail.com]]>
              </value>
            </param>
            <param index="1">
              <value>
                <![CDATA[1234]]>
              </value>
            </param>
          </params>
          <reporter-output>
          </reporter-output>
        </test-method> <!-- loginErrorValidation -->
        <test-method is-config="true" signature="tearDown()[pri:0, instance:appTest.tc_001@61710c6]" started-at="2025-10-06T08:11:53 IST" name="tearDown" finished-at="2025-10-06T08:11:53 IST" duration-ms="345" status="PASS">
          <reporter-output>
          </reporter-output>
        </test-method> <!-- tearDown -->
        <test-method is-config="true" signature="launchApplication()[pri:0, instance:appTest.tc_001@61710c6]" started-at="2025-10-06T08:11:53 IST" name="launchApplication" finished-at="2025-10-06T08:12:01 IST" duration-ms="7997" status="PASS">
          <reporter-output>
          </reporter-output>
        </test-method> <!-- launchApplication -->
        <test-method signature="loginValidation()[pri:0, instance:appTest.tc_001@61710c6]" started-at="2025-10-06T08:12:01 IST" name="loginValidation" finished-at="2025-10-06T08:12:02 IST" duration-ms="415" status="PASS">
          <reporter-output>
          </reporter-output>
        </test-method> <!-- loginValidation -->
        <test-method is-config="true" signature="tearDown()[pri:0, instance:appTest.tc_001@61710c6]" started-at="2025-10-06T08:12:02 IST" name="tearDown" finished-at="2025-10-06T08:12:02 IST" duration-ms="363" status="PASS">
          <reporter-output>
          </reporter-output>
        </test-method> <!-- tearDown -->
      </class> <!-- appTest.tc_001 -->
    </test> <!-- tc_001 -->
    <test started-at="2025-10-06T08:12:03 IST" name="tc_002" finished-at="2025-10-06T08:12:40 IST" duration-ms="37112">
      <class name="appTest.tc_002">
        <test-method is-config="true" signature="launchApplication()[pri:0, instance:appTest.tc_002@23202fce]" started-at="2025-10-06T08:12:03 IST" name="launchApplication" finished-at="2025-10-06T08:12:09 IST" duration-ms="6681" status="PASS">
          <reporter-output>
          </reporter-output>
        </test-method> <!-- launchApplication -->
        <test-method signature="endToEndTest()[pri:0, instance:appTest.tc_002@23202fce]" started-at="2025-10-06T08:12:09 IST" name="endToEndTest" finished-at="2025-10-06T08:12:29 IST" duration-ms="19954" status="PASS">
          <reporter-output>
          </reporter-output>
        </test-method> <!-- endToEndTest -->
        <test-method is-config="true" signature="tearDown()[pri:0, instance:appTest.tc_002@23202fce]" started-at="2025-10-06T08:12:29 IST" name="tearDown" finished-at="2025-10-06T08:12:30 IST" duration-ms="419" status="PASS">
          <reporter-output>
          </reporter-output>
        </test-method> <!-- tearDown -->
        <test-method is-config="true" signature="launchApplication()[pri:0, instance:appTest.tc_002@23202fce]" started-at="2025-10-06T08:12:30 IST" name="launchApplication" finished-at="2025-10-06T08:12:37 IST" duration-ms="7850" status="PASS">
          <reporter-output>
          </reporter-output>
        </test-method> <!-- launchApplication -->
        <test-method signature="orderHistoryTest()[pri:0, instance:appTest.tc_002@23202fce]" started-at="2025-10-06T08:12:37 IST" name="orderHistoryTest" finished-at="2025-10-06T08:12:39 IST" depends-on-methods="appTest.tc_002.endToEndTest" duration-ms="1867" status="PASS">
          <reporter-output>
          </reporter-output>
        </test-method> <!-- orderHistoryTest -->
        <test-method is-config="true" signature="tearDown()[pri:0, instance:appTest.tc_002@23202fce]" started-at="2025-10-06T08:12:39 IST" name="tearDown" finished-at="2025-10-06T08:12:40 IST" duration-ms="330" status="PASS">
          <reporter-output>
          </reporter-output>
        </test-method> <!-- tearDown -->
      </class> <!-- appTest.tc_002 -->
    </test> <!-- tc_002 -->
  </suite> <!-- Suite -->
</testng-results>
