<?xml version="1.0" encoding="UTF-8"?>
<!-- Generated by org.testng.reporters.JUnitReportReporter -->
<testsuite hostname="LAPTOP-22L2QQIM" failures="0" tests="3" name="appTest.tc_001" time="29.707" errors="0" timestamp="2025-10-06T08:12:40 IST" skipped="0">
  <testcase classname="appTest.tc_001" name="loginErrorValidation" time="11.746"/>
  <testcase classname="appTest.tc_001" name="loginValidation" time="8.795"/>
  <testcase classname="appTest.tc_001" name="loginErrorValidation" time="9.166"/>
</testsuite> <!-- appTest.tc_001 -->
